[+] Containers:
 |- [+] Container: /Game/CombatFrameworkContent/Levels/GameLevels/LV_Main
 |   |- [+] ActorDescs:
 |   |   |- Guid:07F73E4E4D1785BA54A4B5B8B6EDB3FE BaseClass: NativeClass:/Script/Engine.StaticMeshActor Name:StaticMeshActor_46 Label:SM_Cube9 SpatiallyLoaded:1 Bounds:IsValid=true, Min=(X=1800.000 Y=1500.000 Z=0.000), Max=(X=2000.000 Y=2200.000 Z=100.000) RuntimeGrid:None EditorOnly:0 RuntimeOnly:0 HLODRelevant:1 ListedInSceneOutliner:1 IsMainWorldOnly:0 FolderPath:Block01 FolderGuid:98087B8444A89373CC4763B3845E270A
 |   |   |- Guid:09DB82CF4D49DF9BD5F493B4BD5C02FE BaseClass: NativeClass:/Script/Engine.PostProcessVolume Name:PostProcessVolume_0 Label:PostProcessVolume SpatiallyLoaded:0 Bounds:IsValid=true, Min=(X=0.000 Y=0.000 Z=400.000), Max=(X=200.000 Y=200.000 Z=600.000) RuntimeGrid:None EditorOnly:0 RuntimeOnly:0 HLODRelevant:0 ListedInSceneOutliner:1 IsMainWorldOnly:0 FolderPath:Lighting FolderGuid:08A10B054C95868C663DE39EE4343813
 |   |   |- Guid:0B739A9743171E124875FCBBF5706D33 BaseClass: NativeClass:/Script/Engine.StaticMeshActor Name:StaticMeshActor_61 Label:SM_QuarterCylinder14 SpatiallyLoaded:1 Bounds:IsValid=true, Min=(X=2200.000 Y=500.000 Z=0.000), Max=(X=2400.000 Y=700.000 Z=100.000) RuntimeGrid:None EditorOnly:0 RuntimeOnly:0 HLODRelevant:1 ListedInSceneOutliner:1 IsMainWorldOnly:0 FolderPath:Cylinder FolderGuid:ECA4956E419DA4E5BAB7F389537BCB14
 |   |   |- Guid:17746AA9433F59EA5DF0D49D48AF92A8 BaseClass: NativeClass:/Script/Engine.ExponentialHeightFog Name:ExponentialHeightFog_1 Label:ExponentialHeightFog SpatiallyLoaded:0 Bounds:IsValid=true, Min=(X=-5600.000 Y=-50.000 Z=-6850.000), Max=(X=-5600.000 Y=-50.000 Z=-6850.000) RuntimeGrid:None EditorOnly:0 RuntimeOnly:0 HLODRelevant:0 ListedInSceneOutliner:1 IsMainWorldOnly:0 FolderPath:Lighting FolderGuid:08A10B054C95868C663DE39EE4343813
 |   |   |- Guid:17DD652E484B53323324D8AD7B5ADF55 BaseClass: NativeClass:/Script/Engine.StaticMeshActor Name:StaticMeshActor_UAID_A4AE111137DC5EFB00_1594956423 Label:SM_SkySphere SpatiallyLoaded:0 Bounds:IsValid=true, Min=(X=-1638400.000 Y=-1638400.000 Z=-1638400.000), Max=(X=1638400.000 Y=1638400.000 Z=1638400.000) RuntimeGrid:None EditorOnly:0 RuntimeOnly:0 HLODRelevant:1 ListedInSceneOutliner:1 IsMainWorldOnly:0 FolderPath:Lighting FolderGuid:08A10B054C95868C663DE39EE4343813
 |   |   |- Guid:19409A2A4E4F3D4A625F15BCEB9245C1 BaseClass: NativeClass:/Script/Engine.StaticMeshActor Name:StaticMeshActor_55 Label:SM_QuarterCylinder5 SpatiallyLoaded:1 Bounds:IsValid=true, Min=(X=300.000 Y=2800.000 Z=0.000), Max=(X=400.000 Y=2900.000 Z=200.000) RuntimeGrid:None EditorOnly:0 RuntimeOnly:0 HLODRelevant:1 ListedInSceneOutliner:1 IsMainWorldOnly:0 FolderPath:Block03 FolderGuid:8CD3949449A9ED1D3F209CA69A64B60F
 |   |   |- Guid:1C37E5C948B8BF246535ED8467C8B760 BaseClass: NativeClass:/Script/Engine.StaticMeshActor Name:StaticMeshActor_48 Label:SM_Cube10 SpatiallyLoaded:1 Bounds:IsValid=true, Min=(X=1800.000 Y=2100.000 Z=100.000), Max=(X=2000.000 Y=2200.000 Z=200.000) RuntimeGrid:None EditorOnly:0 RuntimeOnly:0 HLODRelevant:1 ListedInSceneOutliner:1 IsMainWorldOnly:0 FolderPath:Block01 FolderGuid:98087B8444A89373CC4763B3845E270A
 |   |   |- Guid:1C389DBD46D97806C0CA1BB334B83205 BaseClass: NativeClass:/Script/Engine.StaticMeshActor Name:StaticMeshActor_45 Label:SM_Cube8 SpatiallyLoaded:1 Bounds:IsValid=true, Min=(X=1300.000 Y=2600.000 Z=0.000), Max=(X=2500.000 Y=2900.000 Z=200.000) RuntimeGrid:None EditorOnly:0 RuntimeOnly:0 HLODRelevant:1 ListedInSceneOutliner:1 IsMainWorldOnly:0 FolderPath:Block02 FolderGuid:5DDF0B274F9C8B2C5DABA1999B167516
 |   |   |- Guid:2F75F01A499616B7A54DE987C60BCB69 BaseClass: NativeClass:/Script/Engine.StaticMeshActor Name:StaticMeshActor_37 Label:SM_Cube3 SpatiallyLoaded:1 Bounds:IsValid=true, Min=(X=0.000 Y=3400.000 Z=0.000), Max=(X=3000.000 Y=3500.000 Z=400.000) RuntimeGrid:None EditorOnly:0 RuntimeOnly:0 HLODRelevant:1 ListedInSceneOutliner:1 IsMainWorldOnly:0 FolderPath:Playground FolderGuid:8CD33C9A4E75AD59B95486AC740693D6
 |   |   |- Guid:3140C65B4CEF1E13B7921EAE33FB5645 BaseClass: NativeClass:/Script/Engine.PlayerStart Name:PlayerStart_0 Label:PlayerStart SpatiallyLoaded:0 Bounds:IsValid=true, Min=(X=860.000 Y=1070.000 Z=0.013), Max=(X=940.000 Y=1150.000 Z=184.013) RuntimeGrid:None EditorOnly:0 RuntimeOnly:0 HLODRelevant:0 ListedInSceneOutliner:1 IsMainWorldOnly:0
 |   |   |- Guid:3F20E5BD47670891A605169C6EBCEEF5 BaseClass:/Game/CombatFrameworkContent/Characters/Enemies/Peasant/BP_Peasant.BP_Peasant_C NativeClass:/Script/CombatFramework.CFR_AICharacter Name:BP_Peasant_C_UAID_00D861E60EBC90E901_1455792551 Label:BP_Peasant SpatiallyLoaded:1 Bounds:IsValid=true, Min=(X=1290.612 Y=1166.708 Z=-5.518), Max=(X=1369.388 Y=1273.411 Z=176.000) RuntimeGrid:None EditorOnly:0 RuntimeOnly:0 HLODRelevant:0 ListedInSceneOutliner:1 IsMainWorldOnly:0
 |   |   |- Guid:4353CFA04DD94511037DCEB134A12C6C BaseClass: NativeClass:/Script/Engine.StaticMeshActor Name:StaticMeshActor_33 Label:SM_Cube SpatiallyLoaded:1 Bounds:IsValid=true, Min=(X=0.000 Y=0.000 Z=-50.000), Max=(X=3000.000 Y=3500.000 Z=0.000) RuntimeGrid:None EditorOnly:0 RuntimeOnly:0 HLODRelevant:1 ListedInSceneOutliner:1 IsMainWorldOnly:0 FolderPath:Playground FolderGuid:8CD33C9A4E75AD59B95486AC740693D6
 |   |   |- Guid:437707AF4371C39A286C2B858408E641 BaseClass: NativeClass:/Script/Engine.StaticMeshActor Name:StaticMeshActor_36 Label:SM_Cube2 SpatiallyLoaded:1 Bounds:IsValid=true, Min=(X=0.000 Y=0.000 Z=0.000), Max=(X=3000.000 Y=100.000 Z=400.000) RuntimeGrid:None EditorOnly:0 RuntimeOnly:0 HLODRelevant:1 ListedInSceneOutliner:1 IsMainWorldOnly:0 FolderPath:Playground FolderGuid:8CD33C9A4E75AD59B95486AC740693D6
 |   |   |- Guid:4B58B2C74D9CAD9AAF330BBEDE3D364B BaseClass: NativeClass:/Script/Engine.StaticMeshActor Name:StaticMeshActor_53 Label:SM_QuarterCylinder3 SpatiallyLoaded:1 Bounds:IsValid=true, Min=(X=1500.000 Y=2200.000 Z=0.000), Max=(X=1600.000 Y=2300.000 Z=200.000) RuntimeGrid:None EditorOnly:0 RuntimeOnly:0 HLODRelevant:1 ListedInSceneOutliner:1 IsMainWorldOnly:0 FolderPath:Block01 FolderGuid:98087B8444A89373CC4763B3845E270A
 |   |   |- Guid:4CA39C414508EB369971B9B5483F7909 BaseClass: NativeClass:/Script/Engine.StaticMeshActor Name:StaticMeshActor_44 Label:SM_Cube7 SpatiallyLoaded:1 Bounds:IsValid=true, Min=(X=1300.000 Y=2200.000 Z=0.000), Max=(X=1500.000 Y=2300.000 Z=200.000) RuntimeGrid:None EditorOnly:0 RuntimeOnly:0 HLODRelevant:1 ListedInSceneOutliner:1 IsMainWorldOnly:0 FolderPath:Block01 FolderGuid:98087B8444A89373CC4763B3845E270A
 |   |   |- Guid:5B0C78F64B94DCE95F8547890D1D905B BaseClass: NativeClass:/Script/Engine.SkyAtmosphere Name:SkyAtmosphere_1 Label:SkyAtmosphere SpatiallyLoaded:0 Bounds:IsValid=true, Min=(X=0.000 Y=0.000 Z=1020.000), Max=(X=0.000 Y=0.000 Z=1020.000) RuntimeGrid:None EditorOnly:0 RuntimeOnly:0 HLODRelevant:0 ListedInSceneOutliner:1 IsMainWorldOnly:0 FolderPath:Lighting FolderGuid:08A10B054C95868C663DE39EE4343813
 |   |   |- Guid:641C4328476C110255E56CA2B19BC223 BaseClass: NativeClass:/Script/Engine.StaticMeshActor Name:StaticMeshActor_58 Label:SM_QuarterCylinder11 SpatiallyLoaded:1 Bounds:IsValid=true, Min=(X=2200.000 Y=700.000 Z=0.000), Max=(X=2400.000 Y=900.000 Z=100.000) RuntimeGrid:None EditorOnly:0 RuntimeOnly:0 HLODRelevant:1 ListedInSceneOutliner:1 IsMainWorldOnly:0 FolderPath:Cylinder FolderGuid:ECA4956E419DA4E5BAB7F389537BCB14
 |   |   |- Guid:7BBC64D9461547B2FA4AB08A8836C8EC BaseClass: NativeClass:/Script/Engine.StaticMeshActor Name:StaticMeshActor_43 Label:SM_Cube6 SpatiallyLoaded:1 Bounds:IsValid=true, Min=(X=2900.000 Y=100.000 Z=0.000), Max=(X=3000.000 Y=3400.000 Z=400.000) RuntimeGrid:None EditorOnly:0 RuntimeOnly:0 HLODRelevant:1 ListedInSceneOutliner:1 IsMainWorldOnly:0 FolderPath:Playground FolderGuid:8CD33C9A4E75AD59B95486AC740693D6
 |   |   |- Guid:7D374C8F482CF2507B04DF86D5EAC313 BaseClass: NativeClass:/Script/Engine.StaticMeshActor Name:StaticMeshActor_52 Label:SM_Cube12 SpatiallyLoaded:1 Bounds:IsValid=true, Min=(X=2500.000 Y=2700.000 Z=0.000), Max=(X=2600.000 Y=2800.000 Z=200.000) RuntimeGrid:None EditorOnly:0 RuntimeOnly:0 HLODRelevant:1 ListedInSceneOutliner:1 IsMainWorldOnly:0 FolderPath:Block02 FolderGuid:5DDF0B274F9C8B2C5DABA1999B167516
 |   |   |- Guid:8C44637B43B7AA207EAFE183C699E432 BaseClass: NativeClass:/Script/Engine.StaticMeshActor Name:StaticMeshActor_56 Label:SM_Cube13 SpatiallyLoaded:1 Bounds:IsValid=true, Min=(X=300.000 Y=2700.000 Z=0.000), Max=(X=400.000 Y=2800.000 Z=200.000) RuntimeGrid:None EditorOnly:0 RuntimeOnly:0 HLODRelevant:1 ListedInSceneOutliner:1 IsMainWorldOnly:0 FolderPath:Block03 FolderGuid:8CD3949449A9ED1D3F209CA69A64B60F
 |   |   |- Guid:8F793CF74BD2B00AFB361C9D672D8B41 BaseClass: NativeClass:/Script/Engine.WorldDataLayers Name:WorldDataLayers Label:WorldDataLayers-1 SpatiallyLoaded:0 Bounds:Invalid RuntimeGrid:None EditorOnly:0 RuntimeOnly:0 HLODRelevant:0 ListedInSceneOutliner:1 IsMainWorldOnly:1
 |   |   |- Guid:90DB2CE747BDC3FA52916CA059A1949A BaseClass: NativeClass:/Script/Engine.StaticMeshActor Name:StaticMeshActor_51 Label:SM_QuarterCylinder2 SpatiallyLoaded:1 Bounds:IsValid=true, Min=(X=2500.000 Y=2600.000 Z=0.000), Max=(X=2600.000 Y=2700.000 Z=200.000) RuntimeGrid:None EditorOnly:0 RuntimeOnly:0 HLODRelevant:1 ListedInSceneOutliner:1 IsMainWorldOnly:0 FolderPath:Block02 FolderGuid:5DDF0B274F9C8B2C5DABA1999B167516
 |   |   |- Guid:9C29F0BD415AA2D2F074E49434D8B5AD BaseClass: NativeClass:/Script/Engine.StaticMeshActor Name:StaticMeshActor_59 Label:SM_QuarterCylinder12 SpatiallyLoaded:1 Bounds:IsValid=true, Min=(X=2000.000 Y=700.000 Z=0.000), Max=(X=2200.000 Y=900.000 Z=100.000) RuntimeGrid:None EditorOnly:0 RuntimeOnly:0 HLODRelevant:1 ListedInSceneOutliner:1 IsMainWorldOnly:0 FolderPath:Cylinder FolderGuid:ECA4956E419DA4E5BAB7F389537BCB14
 |   |   |- Guid:9F85D8034195B19BE718D2BBA4E43DF8 BaseClass: NativeClass:/Script/Engine.StaticMeshActor Name:StaticMeshActor_54 Label:SM_QuarterCylinder4 SpatiallyLoaded:1 Bounds:IsValid=true, Min=(X=300.000 Y=2600.000 Z=0.000), Max=(X=400.000 Y=2700.000 Z=200.000) RuntimeGrid:None EditorOnly:0 RuntimeOnly:0 HLODRelevant:1 ListedInSceneOutliner:1 IsMainWorldOnly:0 FolderPath:Block03 FolderGuid:8CD3949449A9ED1D3F209CA69A64B60F
 |   |   |- Guid:A3C85A9243B440FB26FB34B7007EAD62 BaseClass: NativeClass:/Script/Engine.StaticMeshActor Name:StaticMeshActor_35 Label:SM_Ramp SpatiallyLoaded:1 Bounds:IsValid=true, Min=(X=1300.000 Y=600.000 Z=0.000), Max=(X=1700.000 Y=800.000 Z=30.000) RuntimeGrid:None EditorOnly:0 RuntimeOnly:0 HLODRelevant:1 ListedInSceneOutliner:1 IsMainWorldOnly:0
 |   |   |- Guid:A613E1DC4CD211D359C7E1BAC6954D24 BaseClass: NativeClass:/Script/Engine.TextRenderActor Name:TextRenderActor_1 Label:TextRenderActor SpatiallyLoaded:1 Bounds:IsValid=true, Min=(X=-0.100 Y=1100.000 Z=65.013), Max=(X=-0.100 Y=2392.308 Z=215.013) RuntimeGrid:None EditorOnly:0 RuntimeOnly:0 HLODRelevant:0 ListedInSceneOutliner:1 IsMainWorldOnly:0
 |   |   |- Guid:AA0F7A404A26126CF3BA3CB4A13AF498 BaseClass: NativeClass:/Script/Engine.StaticMeshActor Name:StaticMeshActor_50 Label:SM_QuarterCylinder SpatiallyLoaded:1 Bounds:IsValid=true, Min=(X=2500.000 Y=2800.000 Z=0.000), Max=(X=2600.000 Y=2900.000 Z=200.000) RuntimeGrid:None EditorOnly:0 RuntimeOnly:0 HLODRelevant:1 ListedInSceneOutliner:1 IsMainWorldOnly:0 FolderPath:Block02 FolderGuid:5DDF0B274F9C8B2C5DABA1999B167516
 |   |   |- Guid:AB3C77A74F864576F0F2A2AAA019E286 BaseClass: NativeClass:/Script/Engine.StaticMeshActor Name:StaticMeshActor_47 Label:SM_Ramp3 SpatiallyLoaded:1 Bounds:IsValid=true, Min=(X=1800.000 Y=1700.000 Z=100.000), Max=(X=2000.000 Y=2100.000 Z=200.000) RuntimeGrid:None EditorOnly:0 RuntimeOnly:0 HLODRelevant:1 ListedInSceneOutliner:1 IsMainWorldOnly:0 FolderPath:Block01 FolderGuid:98087B8444A89373CC4763B3845E270A
 |   |   |- Guid:AF0E7E934216774B160108B9896E4147 BaseClass: NativeClass:/Script/Engine.SkyLight Name:SkyLight_0 Label:SkyLight SpatiallyLoaded:0 Bounds:IsValid=true, Min=(X=0.000 Y=0.000 Z=690.000), Max=(X=0.000 Y=0.000 Z=690.000) RuntimeGrid:None EditorOnly:0 RuntimeOnly:0 HLODRelevant:0 ListedInSceneOutliner:1 IsMainWorldOnly:0 FolderPath:Lighting FolderGuid:08A10B054C95868C663DE39EE4343813
 |   |   |- Guid:B2B6AF504BD267582B8917AF4A30C6FF BaseClass: NativeClass:/Script/Engine.StaticMeshActor Name:StaticMeshActor_42 Label:SM_Cube5 SpatiallyLoaded:1 Bounds:IsValid=true, Min=(X=-0.000 Y=100.000 Z=0.000), Max=(X=100.000 Y=3400.000 Z=400.000) RuntimeGrid:None EditorOnly:0 RuntimeOnly:0 HLODRelevant:1 ListedInSceneOutliner:1 IsMainWorldOnly:0 FolderPath:Playground FolderGuid:8CD33C9A4E75AD59B95486AC740693D6
 |   |   |- Guid:B5AA181B4D7572CED11EA88EA53F3D5F BaseClass: NativeClass:/Script/Engine.StaticMeshActor Name:StaticMeshActor_41 Label:SM_ChamferCube3 SpatiallyLoaded:1 Bounds:IsValid=true, Min=(X=481.699 Y=2271.699 Z=0.013), Max=(X=618.301 Y=2408.301 Z=100.013) RuntimeGrid:None EditorOnly:0 RuntimeOnly:0 HLODRelevant:0 ListedInSceneOutliner:1 IsMainWorldOnly:0
 |   |   |- Guid:CC1118994F111D93423A07AF1CABD8D4 BaseClass: NativeClass:/Script/Engine.StaticMeshActor Name:StaticMeshActor_60 Label:SM_QuarterCylinder13 SpatiallyLoaded:1 Bounds:IsValid=true, Min=(X=2000.000 Y=500.000 Z=0.000), Max=(X=2200.000 Y=700.000 Z=100.000) RuntimeGrid:None EditorOnly:0 RuntimeOnly:0 HLODRelevant:1 ListedInSceneOutliner:1 IsMainWorldOnly:0 FolderPath:Cylinder FolderGuid:ECA4956E419DA4E5BAB7F389537BCB14
 |   |   |- Guid:CC5D79D04CFC380D6A0F92A85AC9800F BaseClass: NativeClass:/Script/Engine.StaticMeshActor Name:StaticMeshActor_38 Label:SM_Cube4 SpatiallyLoaded:1 Bounds:IsValid=true, Min=(X=1200.000 Y=1700.000 Z=0.000), Max=(X=1800.000 Y=2200.000 Z=200.000) RuntimeGrid:None EditorOnly:0 RuntimeOnly:0 HLODRelevant:1 ListedInSceneOutliner:1 IsMainWorldOnly:0 FolderPath:Block01 FolderGuid:98087B8444A89373CC4763B3845E270A
 |   |   |- Guid:CD83C33D45CFB24453DD5F8530B4C6D7 BaseClass: NativeClass:/Script/Engine.StaticMeshActor Name:StaticMeshActor_40 Label:SM_ChamferCube2 SpatiallyLoaded:1 Bounds:IsValid=true, Min=(X=992.077 Y=2692.077 Z=0.013), Max=(X=1107.923 Y=2807.923 Z=100.013) RuntimeGrid:None EditorOnly:0 RuntimeOnly:0 HLODRelevant:0 ListedInSceneOutliner:1 IsMainWorldOnly:0
 |   |   |- Guid:D05AF9B04A5C0183A53231B98AE8E254 BaseClass: NativeClass:/Script/Engine.StaticMeshActor Name:StaticMeshActor_39 Label:SM_Ramp2 SpatiallyLoaded:1 Bounds:IsValid=true, Min=(X=1400.000 Y=1500.000 Z=0.000), Max=(X=1800.000 Y=1700.000 Z=100.000) RuntimeGrid:None EditorOnly:0 RuntimeOnly:0 HLODRelevant:1 ListedInSceneOutliner:1 IsMainWorldOnly:0 FolderPath:Block01 FolderGuid:98087B8444A89373CC4763B3845E270A
 |   |   |- Guid:D0BE23224BD38FF7400CF0A8C140D024 BaseClass: NativeClass:/Script/Engine.StaticMeshActor Name:StaticMeshActor_34 Label:SM_ChamferCube SpatiallyLoaded:1 Bounds:IsValid=true, Min=(X=1100.000 Y=2000.000 Z=0.013), Max=(X=1200.000 Y=2100.000 Z=100.013) RuntimeGrid:None EditorOnly:0 RuntimeOnly:0 HLODRelevant:0 ListedInSceneOutliner:1 IsMainWorldOnly:0
 |   |   |- Guid:D9F0CE904DA44E1318392CAC78E96CF6 BaseClass: NativeClass:/Script/Engine.StaticMeshActor Name:StaticMeshActor_49 Label:SM_Cube11 SpatiallyLoaded:1 Bounds:IsValid=true, Min=(X=400.000 Y=2600.000 Z=0.000), Max=(X=700.000 Y=2900.000 Z=200.000) RuntimeGrid:None EditorOnly:0 RuntimeOnly:0 HLODRelevant:1 ListedInSceneOutliner:1 IsMainWorldOnly:0 FolderPath:Block03 FolderGuid:8CD3949449A9ED1D3F209CA69A64B60F
 |   |   |- Guid:E4656F4242F3E6AAE03E158F23C2F4C6 BaseClass: NativeClass:/Script/Engine.VolumetricCloud Name:VolumetricCloud_1 Label:VolumetricCloud SpatiallyLoaded:0 Bounds:IsValid=true, Min=(X=0.000 Y=0.000 Z=820.000), Max=(X=0.000 Y=0.000 Z=820.000) RuntimeGrid:None EditorOnly:0 RuntimeOnly:0 HLODRelevant:0 ListedInSceneOutliner:1 IsMainWorldOnly:0 FolderPath:Lighting FolderGuid:08A10B054C95868C663DE39EE4343813
 |   |   |- Guid:F4144A03425C02A2954620A43A01297E BaseClass: NativeClass:/Script/Engine.StaticMeshActor Name:StaticMeshActor_57 Label:SM_QuarterCylinder6 SpatiallyLoaded:1 Bounds:IsValid=true, Min=(X=1200.000 Y=2200.000 Z=0.000), Max=(X=1300.000 Y=2300.000 Z=200.000) RuntimeGrid:None EditorOnly:0 RuntimeOnly:0 HLODRelevant:1 ListedInSceneOutliner:1 IsMainWorldOnly:0 FolderPath:Block01 FolderGuid:98087B8444A89373CC4763B3845E270A
 |   |   |- Guid:F84A33C94A5734F29DEC82987C79DAF5 BaseClass: NativeClass:/Script/Engine.DirectionalLight Name:DirectionalLight_1 Label:DirectionalLight SpatiallyLoaded:0 Bounds:IsValid=true, Min=(X=-4398046511104.000 Y=-4398046511104.000 Z=-4398046511104.000), Max=(X=4398046511104.000 Y=4398046511104.000 Z=4398046511104.000) RuntimeGrid:None EditorOnly:0 RuntimeOnly:0 HLODRelevant:0 ListedInSceneOutliner:1 IsMainWorldOnly:0 FolderPath:Lighting FolderGuid:08A10B054C95868C663DE39EE4343813
 |   |- [+] Clusters:
 |   |   |- [+] [  0]
 |   |   |   |- Guid:07F73E4E4D1785BA54A4B5B8B6EDB3FE BaseClass: NativeClass:/Script/Engine.StaticMeshActor Name:StaticMeshActor_46 Label:SM_Cube9 SpatiallyLoaded:1 Bounds:IsValid=true, Min=(X=1800.000 Y=1500.000 Z=0.000), Max=(X=2000.000 Y=2200.000 Z=100.000) RuntimeGrid:None EditorOnly:0 RuntimeOnly:0 HLODRelevant:1 ListedInSceneOutliner:1 IsMainWorldOnly:0 FolderPath:Block01 FolderGuid:98087B8444A89373CC4763B3845E270A
 |   |   |- [+] [  1]
 |   |   |   |- Guid:09DB82CF4D49DF9BD5F493B4BD5C02FE BaseClass: NativeClass:/Script/Engine.PostProcessVolume Name:PostProcessVolume_0 Label:PostProcessVolume SpatiallyLoaded:0 Bounds:IsValid=true, Min=(X=0.000 Y=0.000 Z=400.000), Max=(X=200.000 Y=200.000 Z=600.000) RuntimeGrid:None EditorOnly:0 RuntimeOnly:0 HLODRelevant:0 ListedInSceneOutliner:1 IsMainWorldOnly:0 FolderPath:Lighting FolderGuid:08A10B054C95868C663DE39EE4343813
 |   |   |- [+] [  2]
 |   |   |   |- Guid:0B739A9743171E124875FCBBF5706D33 BaseClass: NativeClass:/Script/Engine.StaticMeshActor Name:StaticMeshActor_61 Label:SM_QuarterCylinder14 SpatiallyLoaded:1 Bounds:IsValid=true, Min=(X=2200.000 Y=500.000 Z=0.000), Max=(X=2400.000 Y=700.000 Z=100.000) RuntimeGrid:None EditorOnly:0 RuntimeOnly:0 HLODRelevant:1 ListedInSceneOutliner:1 IsMainWorldOnly:0 FolderPath:Cylinder FolderGuid:ECA4956E419DA4E5BAB7F389537BCB14
 |   |   |- [+] [  3]
 |   |   |   |- Guid:17746AA9433F59EA5DF0D49D48AF92A8 BaseClass: NativeClass:/Script/Engine.ExponentialHeightFog Name:ExponentialHeightFog_1 Label:ExponentialHeightFog SpatiallyLoaded:0 Bounds:IsValid=true, Min=(X=-5600.000 Y=-50.000 Z=-6850.000), Max=(X=-5600.000 Y=-50.000 Z=-6850.000) RuntimeGrid:None EditorOnly:0 RuntimeOnly:0 HLODRelevant:0 ListedInSceneOutliner:1 IsMainWorldOnly:0 FolderPath:Lighting FolderGuid:08A10B054C95868C663DE39EE4343813
 |   |   |- [+] [  4]
 |   |   |   |- Guid:17DD652E484B53323324D8AD7B5ADF55 BaseClass: NativeClass:/Script/Engine.StaticMeshActor Name:StaticMeshActor_UAID_A4AE111137DC5EFB00_1594956423 Label:SM_SkySphere SpatiallyLoaded:0 Bounds:IsValid=true, Min=(X=-1638400.000 Y=-1638400.000 Z=-1638400.000), Max=(X=1638400.000 Y=1638400.000 Z=1638400.000) RuntimeGrid:None EditorOnly:0 RuntimeOnly:0 HLODRelevant:1 ListedInSceneOutliner:1 IsMainWorldOnly:0 FolderPath:Lighting FolderGuid:08A10B054C95868C663DE39EE4343813
 |   |   |- [+] [  5]
 |   |   |   |- Guid:19409A2A4E4F3D4A625F15BCEB9245C1 BaseClass: NativeClass:/Script/Engine.StaticMeshActor Name:StaticMeshActor_55 Label:SM_QuarterCylinder5 SpatiallyLoaded:1 Bounds:IsValid=true, Min=(X=300.000 Y=2800.000 Z=0.000), Max=(X=400.000 Y=2900.000 Z=200.000) RuntimeGrid:None EditorOnly:0 RuntimeOnly:0 HLODRelevant:1 ListedInSceneOutliner:1 IsMainWorldOnly:0 FolderPath:Block03 FolderGuid:8CD3949449A9ED1D3F209CA69A64B60F
 |   |   |- [+] [  6]
 |   |   |   |- Guid:1C37E5C948B8BF246535ED8467C8B760 BaseClass: NativeClass:/Script/Engine.StaticMeshActor Name:StaticMeshActor_48 Label:SM_Cube10 SpatiallyLoaded:1 Bounds:IsValid=true, Min=(X=1800.000 Y=2100.000 Z=100.000), Max=(X=2000.000 Y=2200.000 Z=200.000) RuntimeGrid:None EditorOnly:0 RuntimeOnly:0 HLODRelevant:1 ListedInSceneOutliner:1 IsMainWorldOnly:0 FolderPath:Block01 FolderGuid:98087B8444A89373CC4763B3845E270A
 |   |   |- [+] [  7]
 |   |   |   |- Guid:1C389DBD46D97806C0CA1BB334B83205 BaseClass: NativeClass:/Script/Engine.StaticMeshActor Name:StaticMeshActor_45 Label:SM_Cube8 SpatiallyLoaded:1 Bounds:IsValid=true, Min=(X=1300.000 Y=2600.000 Z=0.000), Max=(X=2500.000 Y=2900.000 Z=200.000) RuntimeGrid:None EditorOnly:0 RuntimeOnly:0 HLODRelevant:1 ListedInSceneOutliner:1 IsMainWorldOnly:0 FolderPath:Block02 FolderGuid:5DDF0B274F9C8B2C5DABA1999B167516
 |   |   |- [+] [  8]
 |   |   |   |- Guid:2F75F01A499616B7A54DE987C60BCB69 BaseClass: NativeClass:/Script/Engine.StaticMeshActor Name:StaticMeshActor_37 Label:SM_Cube3 SpatiallyLoaded:1 Bounds:IsValid=true, Min=(X=0.000 Y=3400.000 Z=0.000), Max=(X=3000.000 Y=3500.000 Z=400.000) RuntimeGrid:None EditorOnly:0 RuntimeOnly:0 HLODRelevant:1 ListedInSceneOutliner:1 IsMainWorldOnly:0 FolderPath:Playground FolderGuid:8CD33C9A4E75AD59B95486AC740693D6
 |   |   |- [+] [  9]
 |   |   |   |- Guid:3140C65B4CEF1E13B7921EAE33FB5645 BaseClass: NativeClass:/Script/Engine.PlayerStart Name:PlayerStart_0 Label:PlayerStart SpatiallyLoaded:0 Bounds:IsValid=true, Min=(X=860.000 Y=1070.000 Z=0.013), Max=(X=940.000 Y=1150.000 Z=184.013) RuntimeGrid:None EditorOnly:0 RuntimeOnly:0 HLODRelevant:0 ListedInSceneOutliner:1 IsMainWorldOnly:0
 |   |   |- [+] [ 10]
 |   |   |   |- Guid:3F20E5BD47670891A605169C6EBCEEF5 BaseClass:/Game/CombatFrameworkContent/Characters/Enemies/Peasant/BP_Peasant.BP_Peasant_C NativeClass:/Script/CombatFramework.CFR_AICharacter Name:BP_Peasant_C_UAID_00D861E60EBC90E901_1455792551 Label:BP_Peasant SpatiallyLoaded:1 Bounds:IsValid=true, Min=(X=1290.612 Y=1166.708 Z=-5.518), Max=(X=1369.388 Y=1273.411 Z=176.000) RuntimeGrid:None EditorOnly:0 RuntimeOnly:0 HLODRelevant:0 ListedInSceneOutliner:1 IsMainWorldOnly:0
 |   |   |- [+] [ 11]
 |   |   |   |- Guid:4353CFA04DD94511037DCEB134A12C6C BaseClass: NativeClass:/Script/Engine.StaticMeshActor Name:StaticMeshActor_33 Label:SM_Cube SpatiallyLoaded:1 Bounds:IsValid=true, Min=(X=0.000 Y=0.000 Z=-50.000), Max=(X=3000.000 Y=3500.000 Z=0.000) RuntimeGrid:None EditorOnly:0 RuntimeOnly:0 HLODRelevant:1 ListedInSceneOutliner:1 IsMainWorldOnly:0 FolderPath:Playground FolderGuid:8CD33C9A4E75AD59B95486AC740693D6
 |   |   |- [+] [ 12]
 |   |   |   |- Guid:437707AF4371C39A286C2B858408E641 BaseClass: NativeClass:/Script/Engine.StaticMeshActor Name:StaticMeshActor_36 Label:SM_Cube2 SpatiallyLoaded:1 Bounds:IsValid=true, Min=(X=0.000 Y=0.000 Z=0.000), Max=(X=3000.000 Y=100.000 Z=400.000) RuntimeGrid:None EditorOnly:0 RuntimeOnly:0 HLODRelevant:1 ListedInSceneOutliner:1 IsMainWorldOnly:0 FolderPath:Playground FolderGuid:8CD33C9A4E75AD59B95486AC740693D6
 |   |   |- [+] [ 13]
 |   |   |   |- Guid:4B58B2C74D9CAD9AAF330BBEDE3D364B BaseClass: NativeClass:/Script/Engine.StaticMeshActor Name:StaticMeshActor_53 Label:SM_QuarterCylinder3 SpatiallyLoaded:1 Bounds:IsValid=true, Min=(X=1500.000 Y=2200.000 Z=0.000), Max=(X=1600.000 Y=2300.000 Z=200.000) RuntimeGrid:None EditorOnly:0 RuntimeOnly:0 HLODRelevant:1 ListedInSceneOutliner:1 IsMainWorldOnly:0 FolderPath:Block01 FolderGuid:98087B8444A89373CC4763B3845E270A
 |   |   |- [+] [ 14]
 |   |   |   |- Guid:4CA39C414508EB369971B9B5483F7909 BaseClass: NativeClass:/Script/Engine.StaticMeshActor Name:StaticMeshActor_44 Label:SM_Cube7 SpatiallyLoaded:1 Bounds:IsValid=true, Min=(X=1300.000 Y=2200.000 Z=0.000), Max=(X=1500.000 Y=2300.000 Z=200.000) RuntimeGrid:None EditorOnly:0 RuntimeOnly:0 HLODRelevant:1 ListedInSceneOutliner:1 IsMainWorldOnly:0 FolderPath:Block01 FolderGuid:98087B8444A89373CC4763B3845E270A
 |   |   |- [+] [ 15]
 |   |   |   |- Guid:5B0C78F64B94DCE95F8547890D1D905B BaseClass: NativeClass:/Script/Engine.SkyAtmosphere Name:SkyAtmosphere_1 Label:SkyAtmosphere SpatiallyLoaded:0 Bounds:IsValid=true, Min=(X=0.000 Y=0.000 Z=1020.000), Max=(X=0.000 Y=0.000 Z=1020.000) RuntimeGrid:None EditorOnly:0 RuntimeOnly:0 HLODRelevant:0 ListedInSceneOutliner:1 IsMainWorldOnly:0 FolderPath:Lighting FolderGuid:08A10B054C95868C663DE39EE4343813
 |   |   |- [+] [ 16]
 |   |   |   |- Guid:641C4328476C110255E56CA2B19BC223 BaseClass: NativeClass:/Script/Engine.StaticMeshActor Name:StaticMeshActor_58 Label:SM_QuarterCylinder11 SpatiallyLoaded:1 Bounds:IsValid=true, Min=(X=2200.000 Y=700.000 Z=0.000), Max=(X=2400.000 Y=900.000 Z=100.000) RuntimeGrid:None EditorOnly:0 RuntimeOnly:0 HLODRelevant:1 ListedInSceneOutliner:1 IsMainWorldOnly:0 FolderPath:Cylinder FolderGuid:ECA4956E419DA4E5BAB7F389537BCB14
 |   |   |- [+] [ 17]
 |   |   |   |- Guid:7BBC64D9461547B2FA4AB08A8836C8EC BaseClass: NativeClass:/Script/Engine.StaticMeshActor Name:StaticMeshActor_43 Label:SM_Cube6 SpatiallyLoaded:1 Bounds:IsValid=true, Min=(X=2900.000 Y=100.000 Z=0.000), Max=(X=3000.000 Y=3400.000 Z=400.000) RuntimeGrid:None EditorOnly:0 RuntimeOnly:0 HLODRelevant:1 ListedInSceneOutliner:1 IsMainWorldOnly:0 FolderPath:Playground FolderGuid:8CD33C9A4E75AD59B95486AC740693D6
 |   |   |- [+] [ 18]
 |   |   |   |- Guid:7D374C8F482CF2507B04DF86D5EAC313 BaseClass: NativeClass:/Script/Engine.StaticMeshActor Name:StaticMeshActor_52 Label:SM_Cube12 SpatiallyLoaded:1 Bounds:IsValid=true, Min=(X=2500.000 Y=2700.000 Z=0.000), Max=(X=2600.000 Y=2800.000 Z=200.000) RuntimeGrid:None EditorOnly:0 RuntimeOnly:0 HLODRelevant:1 ListedInSceneOutliner:1 IsMainWorldOnly:0 FolderPath:Block02 FolderGuid:5DDF0B274F9C8B2C5DABA1999B167516
 |   |   |- [+] [ 19]
 |   |   |   |- Guid:8C44637B43B7AA207EAFE183C699E432 BaseClass: NativeClass:/Script/Engine.StaticMeshActor Name:StaticMeshActor_56 Label:SM_Cube13 SpatiallyLoaded:1 Bounds:IsValid=true, Min=(X=300.000 Y=2700.000 Z=0.000), Max=(X=400.000 Y=2800.000 Z=200.000) RuntimeGrid:None EditorOnly:0 RuntimeOnly:0 HLODRelevant:1 ListedInSceneOutliner:1 IsMainWorldOnly:0 FolderPath:Block03 FolderGuid:8CD3949449A9ED1D3F209CA69A64B60F
 |   |   |- [+] [ 20]
 |   |   |   |- Guid:8F793CF74BD2B00AFB361C9D672D8B41 BaseClass: NativeClass:/Script/Engine.WorldDataLayers Name:WorldDataLayers Label:WorldDataLayers-1 SpatiallyLoaded:0 Bounds:Invalid RuntimeGrid:None EditorOnly:0 RuntimeOnly:0 HLODRelevant:0 ListedInSceneOutliner:1 IsMainWorldOnly:1
 |   |   |- [+] [ 21]
 |   |   |   |- Guid:90DB2CE747BDC3FA52916CA059A1949A BaseClass: NativeClass:/Script/Engine.StaticMeshActor Name:StaticMeshActor_51 Label:SM_QuarterCylinder2 SpatiallyLoaded:1 Bounds:IsValid=true, Min=(X=2500.000 Y=2600.000 Z=0.000), Max=(X=2600.000 Y=2700.000 Z=200.000) RuntimeGrid:None EditorOnly:0 RuntimeOnly:0 HLODRelevant:1 ListedInSceneOutliner:1 IsMainWorldOnly:0 FolderPath:Block02 FolderGuid:5DDF0B274F9C8B2C5DABA1999B167516
 |   |   |- [+] [ 22]
 |   |   |   |- Guid:9C29F0BD415AA2D2F074E49434D8B5AD BaseClass: NativeClass:/Script/Engine.StaticMeshActor Name:StaticMeshActor_59 Label:SM_QuarterCylinder12 SpatiallyLoaded:1 Bounds:IsValid=true, Min=(X=2000.000 Y=700.000 Z=0.000), Max=(X=2200.000 Y=900.000 Z=100.000) RuntimeGrid:None EditorOnly:0 RuntimeOnly:0 HLODRelevant:1 ListedInSceneOutliner:1 IsMainWorldOnly:0 FolderPath:Cylinder FolderGuid:ECA4956E419DA4E5BAB7F389537BCB14
 |   |   |- [+] [ 23]
 |   |   |   |- Guid:9F85D8034195B19BE718D2BBA4E43DF8 BaseClass: NativeClass:/Script/Engine.StaticMeshActor Name:StaticMeshActor_54 Label:SM_QuarterCylinder4 SpatiallyLoaded:1 Bounds:IsValid=true, Min=(X=300.000 Y=2600.000 Z=0.000), Max=(X=400.000 Y=2700.000 Z=200.000) RuntimeGrid:None EditorOnly:0 RuntimeOnly:0 HLODRelevant:1 ListedInSceneOutliner:1 IsMainWorldOnly:0 FolderPath:Block03 FolderGuid:8CD3949449A9ED1D3F209CA69A64B60F
 |   |   |- [+] [ 24]
 |   |   |   |- Guid:A3C85A9243B440FB26FB34B7007EAD62 BaseClass: NativeClass:/Script/Engine.StaticMeshActor Name:StaticMeshActor_35 Label:SM_Ramp SpatiallyLoaded:1 Bounds:IsValid=true, Min=(X=1300.000 Y=600.000 Z=0.000), Max=(X=1700.000 Y=800.000 Z=30.000) RuntimeGrid:None EditorOnly:0 RuntimeOnly:0 HLODRelevant:1 ListedInSceneOutliner:1 IsMainWorldOnly:0
 |   |   |- [+] [ 25]
 |   |   |   |- Guid:A613E1DC4CD211D359C7E1BAC6954D24 BaseClass: NativeClass:/Script/Engine.TextRenderActor Name:TextRenderActor_1 Label:TextRenderActor SpatiallyLoaded:1 Bounds:IsValid=true, Min=(X=-0.100 Y=1100.000 Z=65.013), Max=(X=-0.100 Y=2392.308 Z=215.013) RuntimeGrid:None EditorOnly:0 RuntimeOnly:0 HLODRelevant:0 ListedInSceneOutliner:1 IsMainWorldOnly:0
 |   |   |- [+] [ 26]
 |   |   |   |- Guid:AA0F7A404A26126CF3BA3CB4A13AF498 BaseClass: NativeClass:/Script/Engine.StaticMeshActor Name:StaticMeshActor_50 Label:SM_QuarterCylinder SpatiallyLoaded:1 Bounds:IsValid=true, Min=(X=2500.000 Y=2800.000 Z=0.000), Max=(X=2600.000 Y=2900.000 Z=200.000) RuntimeGrid:None EditorOnly:0 RuntimeOnly:0 HLODRelevant:1 ListedInSceneOutliner:1 IsMainWorldOnly:0 FolderPath:Block02 FolderGuid:5DDF0B274F9C8B2C5DABA1999B167516
 |   |   |- [+] [ 27]
 |   |   |   |- Guid:AB3C77A74F864576F0F2A2AAA019E286 BaseClass: NativeClass:/Script/Engine.StaticMeshActor Name:StaticMeshActor_47 Label:SM_Ramp3 SpatiallyLoaded:1 Bounds:IsValid=true, Min=(X=1800.000 Y=1700.000 Z=100.000), Max=(X=2000.000 Y=2100.000 Z=200.000) RuntimeGrid:None EditorOnly:0 RuntimeOnly:0 HLODRelevant:1 ListedInSceneOutliner:1 IsMainWorldOnly:0 FolderPath:Block01 FolderGuid:98087B8444A89373CC4763B3845E270A
 |   |   |- [+] [ 28]
 |   |   |   |- Guid:AF0E7E934216774B160108B9896E4147 BaseClass: NativeClass:/Script/Engine.SkyLight Name:SkyLight_0 Label:SkyLight SpatiallyLoaded:0 Bounds:IsValid=true, Min=(X=0.000 Y=0.000 Z=690.000), Max=(X=0.000 Y=0.000 Z=690.000) RuntimeGrid:None EditorOnly:0 RuntimeOnly:0 HLODRelevant:0 ListedInSceneOutliner:1 IsMainWorldOnly:0 FolderPath:Lighting FolderGuid:08A10B054C95868C663DE39EE4343813
 |   |   |- [+] [ 29]
 |   |   |   |- Guid:B2B6AF504BD267582B8917AF4A30C6FF BaseClass: NativeClass:/Script/Engine.StaticMeshActor Name:StaticMeshActor_42 Label:SM_Cube5 SpatiallyLoaded:1 Bounds:IsValid=true, Min=(X=-0.000 Y=100.000 Z=0.000), Max=(X=100.000 Y=3400.000 Z=400.000) RuntimeGrid:None EditorOnly:0 RuntimeOnly:0 HLODRelevant:1 ListedInSceneOutliner:1 IsMainWorldOnly:0 FolderPath:Playground FolderGuid:8CD33C9A4E75AD59B95486AC740693D6
 |   |   |- [+] [ 30]
 |   |   |   |- Guid:B5AA181B4D7572CED11EA88EA53F3D5F BaseClass: NativeClass:/Script/Engine.StaticMeshActor Name:StaticMeshActor_41 Label:SM_ChamferCube3 SpatiallyLoaded:1 Bounds:IsValid=true, Min=(X=481.699 Y=2271.699 Z=0.013), Max=(X=618.301 Y=2408.301 Z=100.013) RuntimeGrid:None EditorOnly:0 RuntimeOnly:0 HLODRelevant:0 ListedInSceneOutliner:1 IsMainWorldOnly:0
 |   |   |- [+] [ 31]
 |   |   |   |- Guid:CC1118994F111D93423A07AF1CABD8D4 BaseClass: NativeClass:/Script/Engine.StaticMeshActor Name:StaticMeshActor_60 Label:SM_QuarterCylinder13 SpatiallyLoaded:1 Bounds:IsValid=true, Min=(X=2000.000 Y=500.000 Z=0.000), Max=(X=2200.000 Y=700.000 Z=100.000) RuntimeGrid:None EditorOnly:0 RuntimeOnly:0 HLODRelevant:1 ListedInSceneOutliner:1 IsMainWorldOnly:0 FolderPath:Cylinder FolderGuid:ECA4956E419DA4E5BAB7F389537BCB14
 |   |   |- [+] [ 32]
 |   |   |   |- Guid:CC5D79D04CFC380D6A0F92A85AC9800F BaseClass: NativeClass:/Script/Engine.StaticMeshActor Name:StaticMeshActor_38 Label:SM_Cube4 SpatiallyLoaded:1 Bounds:IsValid=true, Min=(X=1200.000 Y=1700.000 Z=0.000), Max=(X=1800.000 Y=2200.000 Z=200.000) RuntimeGrid:None EditorOnly:0 RuntimeOnly:0 HLODRelevant:1 ListedInSceneOutliner:1 IsMainWorldOnly:0 FolderPath:Block01 FolderGuid:98087B8444A89373CC4763B3845E270A
 |   |   |- [+] [ 33]
 |   |   |   |- Guid:CD83C33D45CFB24453DD5F8530B4C6D7 BaseClass: NativeClass:/Script/Engine.StaticMeshActor Name:StaticMeshActor_40 Label:SM_ChamferCube2 SpatiallyLoaded:1 Bounds:IsValid=true, Min=(X=992.077 Y=2692.077 Z=0.013), Max=(X=1107.923 Y=2807.923 Z=100.013) RuntimeGrid:None EditorOnly:0 RuntimeOnly:0 HLODRelevant:0 ListedInSceneOutliner:1 IsMainWorldOnly:0
 |   |   |- [+] [ 34]
 |   |   |   |- Guid:D05AF9B04A5C0183A53231B98AE8E254 BaseClass: NativeClass:/Script/Engine.StaticMeshActor Name:StaticMeshActor_39 Label:SM_Ramp2 SpatiallyLoaded:1 Bounds:IsValid=true, Min=(X=1400.000 Y=1500.000 Z=0.000), Max=(X=1800.000 Y=1700.000 Z=100.000) RuntimeGrid:None EditorOnly:0 RuntimeOnly:0 HLODRelevant:1 ListedInSceneOutliner:1 IsMainWorldOnly:0 FolderPath:Block01 FolderGuid:98087B8444A89373CC4763B3845E270A
 |   |   |- [+] [ 35]
 |   |   |   |- Guid:D0BE23224BD38FF7400CF0A8C140D024 BaseClass: NativeClass:/Script/Engine.StaticMeshActor Name:StaticMeshActor_34 Label:SM_ChamferCube SpatiallyLoaded:1 Bounds:IsValid=true, Min=(X=1100.000 Y=2000.000 Z=0.013), Max=(X=1200.000 Y=2100.000 Z=100.013) RuntimeGrid:None EditorOnly:0 RuntimeOnly:0 HLODRelevant:0 ListedInSceneOutliner:1 IsMainWorldOnly:0
 |   |   |- [+] [ 36]
 |   |   |   |- Guid:D9F0CE904DA44E1318392CAC78E96CF6 BaseClass: NativeClass:/Script/Engine.StaticMeshActor Name:StaticMeshActor_49 Label:SM_Cube11 SpatiallyLoaded:1 Bounds:IsValid=true, Min=(X=400.000 Y=2600.000 Z=0.000), Max=(X=700.000 Y=2900.000 Z=200.000) RuntimeGrid:None EditorOnly:0 RuntimeOnly:0 HLODRelevant:1 ListedInSceneOutliner:1 IsMainWorldOnly:0 FolderPath:Block03 FolderGuid:8CD3949449A9ED1D3F209CA69A64B60F
 |   |   |- [+] [ 37]
 |   |   |   |- Guid:E4656F4242F3E6AAE03E158F23C2F4C6 BaseClass: NativeClass:/Script/Engine.VolumetricCloud Name:VolumetricCloud_1 Label:VolumetricCloud SpatiallyLoaded:0 Bounds:IsValid=true, Min=(X=0.000 Y=0.000 Z=820.000), Max=(X=0.000 Y=0.000 Z=820.000) RuntimeGrid:None EditorOnly:0 RuntimeOnly:0 HLODRelevant:0 ListedInSceneOutliner:1 IsMainWorldOnly:0 FolderPath:Lighting FolderGuid:08A10B054C95868C663DE39EE4343813
 |   |   |- [+] [ 38]
 |   |   |   |- Guid:F4144A03425C02A2954620A43A01297E BaseClass: NativeClass:/Script/Engine.StaticMeshActor Name:StaticMeshActor_57 Label:SM_QuarterCylinder6 SpatiallyLoaded:1 Bounds:IsValid=true, Min=(X=1200.000 Y=2200.000 Z=0.000), Max=(X=1300.000 Y=2300.000 Z=200.000) RuntimeGrid:None EditorOnly:0 RuntimeOnly:0 HLODRelevant:1 ListedInSceneOutliner:1 IsMainWorldOnly:0 FolderPath:Block01 FolderGuid:98087B8444A89373CC4763B3845E270A
 |   |   |- [+] [ 39]
 |   |   |   |- Guid:F84A33C94A5734F29DEC82987C79DAF5 BaseClass: NativeClass:/Script/Engine.DirectionalLight Name:DirectionalLight_1 Label:DirectionalLight SpatiallyLoaded:0 Bounds:IsValid=true, Min=(X=-4398046511104.000 Y=-4398046511104.000 Z=-4398046511104.000), Max=(X=4398046511104.000 Y=4398046511104.000 Z=4398046511104.000) RuntimeGrid:None EditorOnly:0 RuntimeOnly:0 HLODRelevant:0 ListedInSceneOutliner:1 IsMainWorldOnly:0 FolderPath:Lighting FolderGuid:08A10B054C95868C663DE39EE4343813
 |- ContainerInstances:
 |- [+] MainContainer:
 |   |-        ID: 00000000000000000000000000000000
 |   |-  ParentID: 00000000000000000000000000000000
 |   |-    Bounds: IsValid=false, Min=(X=0.000 Y=0.000 Z=0.000), Max=(X=0.000 Y=0.000 Z=0.000)
 |   |- Transform: 0.000000,0.000000,0.000000|0.000000,0.000000,-0.000000|1.000000,1.000000,1.000000
 |   |- Container: /Game/CombatFrameworkContent/Levels/GameLevels/LV_Main
----------------------------------------------------------------------------------------------------------------
LV_Main - Persistent Level
----------------------------------------------------------------------------------------------------------------
[+] Content of LV_Main Persistent Level
 |- Always loaded Actor Count: 47 
 |- Actor Path: /Game/CombatFrameworkContent/Levels/GameLevels/LV_Main.LV_Main:PersistentLevel.AbstractNavData-Default
 |- Actor Package: /Game/CombatFrameworkContent/Levels/GameLevels/LV_Main
 |- Actor Path: /Game/CombatFrameworkContent/Levels/GameLevels/LV_Main.LV_Main:PersistentLevel.BP_Peasant_C_UAID_00D861E60EBC90E901_1455792551
 |- Actor Package: /Game/__ExternalActors__/CombatFrameworkContent/Levels/GameLevels/LV_Main/4/3V/13G62YVDS0M705JGSTMQ31
 |- Actor Path: /Game/CombatFrameworkContent/Levels/GameLevels/LV_Main.LV_Main:PersistentLevel.Brush_0
 |- Actor Package: /Game/CombatFrameworkContent/Levels/GameLevels/LV_Main
 |- Actor Path: /Game/CombatFrameworkContent/Levels/GameLevels/LV_Main.LV_Main:PersistentLevel.DefaultPhysicsVolume_0
 |- Actor Package: /Game/CombatFrameworkContent/Levels/GameLevels/LV_Main
 |- Actor Path: /Game/CombatFrameworkContent/Levels/GameLevels/LV_Main.LV_Main:PersistentLevel.DirectionalLight_1
 |- Actor Package: /Game/__ExternalActors__/CombatFrameworkContent/Levels/GameLevels/LV_Main/0/92/FVALRG88PKTHQ158WDK3QW
 |- Actor Path: /Game/CombatFrameworkContent/Levels/GameLevels/LV_Main.LV_Main:PersistentLevel.ExponentialHeightFog_1
 |- Actor Package: /Game/__ExternalActors__/CombatFrameworkContent/Levels/GameLevels/LV_Main/5/9M/IJQSEV1D83O78AVBLD23ER
 |- Actor Path: /Game/CombatFrameworkContent/Levels/GameLevels/LV_Main.LV_Main:PersistentLevel.GameplayDebuggerPlayerManager_0
 |- Actor Package: /Game/CombatFrameworkContent/Levels/GameLevels/LV_Main
 |- Actor Path: /Game/CombatFrameworkContent/Levels/GameLevels/LV_Main.LV_Main:PersistentLevel.PlayerStart_0
 |- Actor Package: /Game/__ExternalActors__/CombatFrameworkContent/Levels/GameLevels/LV_Main/B/0J/30WLQ42RHY6UNHY8Z2S8UU
 |- Actor Path: /Game/CombatFrameworkContent/Levels/GameLevels/LV_Main.LV_Main:PersistentLevel.PostProcessVolume_0
 |- Actor Package: /Game/__ExternalActors__/CombatFrameworkContent/Levels/GameLevels/LV_Main/6/TP/HPF9EGIVFMJAPDNWU5WNMA
 |- Actor Path: /Game/CombatFrameworkContent/Levels/GameLevels/LV_Main.LV_Main:PersistentLevel.SkyAtmosphere_1
 |- Actor Package: /Game/__ExternalActors__/CombatFrameworkContent/Levels/GameLevels/LV_Main/1/UY/S7PY7U4BSB1XFQ9NWXPOPG
 |- Actor Path: /Game/CombatFrameworkContent/Levels/GameLevels/LV_Main.LV_Main:PersistentLevel.SkyLight_0
 |- Actor Package: /Game/__ExternalActors__/CombatFrameworkContent/Levels/GameLevels/LV_Main/C/XG/LKAGBFJ3OOUPQPROX34QWY
 |- Actor Path: /Game/CombatFrameworkContent/Levels/GameLevels/LV_Main.LV_Main:PersistentLevel.StaticMeshActor_33
 |- Actor Package: /Game/__ExternalActors__/CombatFrameworkContent/Levels/GameLevels/LV_Main/3/EZ/P1MWINU9HMVJWQC3376974
 |- Actor Path: /Game/CombatFrameworkContent/Levels/GameLevels/LV_Main.LV_Main:PersistentLevel.StaticMeshActor_34
 |- Actor Package: /Game/__ExternalActors__/CombatFrameworkContent/Levels/GameLevels/LV_Main/3/AJ/KW97QNHS3UGRVZ49M6FGXK
 |- Actor Path: /Game/CombatFrameworkContent/Levels/GameLevels/LV_Main.LV_Main:PersistentLevel.StaticMeshActor_35
 |- Actor Package: /Game/__ExternalActors__/CombatFrameworkContent/Levels/GameLevels/LV_Main/2/TF/E46M3FD0I3PC8UV9UWV19B
 |- Actor Path: /Game/CombatFrameworkContent/Levels/GameLevels/LV_Main.LV_Main:PersistentLevel.StaticMeshActor_36
 |- Actor Package: /Game/__ExternalActors__/CombatFrameworkContent/Levels/GameLevels/LV_Main/E/HF/MGB415TXNKJ1QHM6BT001Q
 |- Actor Path: /Game/CombatFrameworkContent/Levels/GameLevels/LV_Main.LV_Main:PersistentLevel.StaticMeshActor_37
 |- Actor Package: /Game/__ExternalActors__/CombatFrameworkContent/Levels/GameLevels/LV_Main/5/YP/N6L65X60VSUXT290Q7277S
 |- Actor Path: /Game/CombatFrameworkContent/Levels/GameLevels/LV_Main.LV_Main:PersistentLevel.StaticMeshActor_38
 |- Actor Package: /Game/__ExternalActors__/CombatFrameworkContent/Levels/GameLevels/LV_Main/9/JN/RERRHBPNO4M8H0SZNAT4UC
 |- Actor Path: /Game/CombatFrameworkContent/Levels/GameLevels/LV_Main.LV_Main:PersistentLevel.StaticMeshActor_39
 |- Actor Package: /Game/__ExternalActors__/CombatFrameworkContent/Levels/GameLevels/LV_Main/3/B5/YDO8JAO3YSG3T96P7OVCJN
 |- Actor Path: /Game/CombatFrameworkContent/Levels/GameLevels/LV_Main.LV_Main:PersistentLevel.StaticMeshActor_40
 |- Actor Package: /Game/__ExternalActors__/CombatFrameworkContent/Levels/GameLevels/LV_Main/9/Z2/3ZIQP1A6J9OCGYP0SOG1AU
 |- Actor Path: /Game/CombatFrameworkContent/Levels/GameLevels/LV_Main.LV_Main:PersistentLevel.StaticMeshActor_41
 |- Actor Package: /Game/__ExternalActors__/CombatFrameworkContent/Levels/GameLevels/LV_Main/2/VV/VIA8U9QBS0S308TPRR473Y
 |- Actor Path: /Game/CombatFrameworkContent/Levels/GameLevels/LV_Main.LV_Main:PersistentLevel.StaticMeshActor_42
 |- Actor Package: /Game/__ExternalActors__/CombatFrameworkContent/Levels/GameLevels/LV_Main/9/0M/OK0WFRPDUGHCL3OD5FHDQ9
 |- Actor Path: /Game/CombatFrameworkContent/Levels/GameLevels/LV_Main.LV_Main:PersistentLevel.StaticMeshActor_43
 |- Actor Package: /Game/__ExternalActors__/CombatFrameworkContent/Levels/GameLevels/LV_Main/D/8O/JBUZTSXQAL692RHYWXC27N
 |- Actor Path: /Game/CombatFrameworkContent/Levels/GameLevels/LV_Main.LV_Main:PersistentLevel.StaticMeshActor_44
 |- Actor Package: /Game/__ExternalActors__/CombatFrameworkContent/Levels/GameLevels/LV_Main/B/17/D67NY5XCW642F4YRHLZEA7
 |- Actor Path: /Game/CombatFrameworkContent/Levels/GameLevels/LV_Main.LV_Main:PersistentLevel.StaticMeshActor_45
 |- Actor Package: /Game/__ExternalActors__/CombatFrameworkContent/Levels/GameLevels/LV_Main/8/M4/66FCGT8NFYQRQP1DFIAVZ5
 |- Actor Path: /Game/CombatFrameworkContent/Levels/GameLevels/LV_Main.LV_Main:PersistentLevel.StaticMeshActor_46
 |- Actor Package: /Game/__ExternalActors__/CombatFrameworkContent/Levels/GameLevels/LV_Main/A/ON/YHN2L9968FPZDUPIAEKITP
 |- Actor Path: /Game/CombatFrameworkContent/Levels/GameLevels/LV_Main.LV_Main:PersistentLevel.StaticMeshActor_47
 |- Actor Package: /Game/__ExternalActors__/CombatFrameworkContent/Levels/GameLevels/LV_Main/5/Y8/0NFHEVQSDK0T0C82SSTLZR
 |- Actor Path: /Game/CombatFrameworkContent/Levels/GameLevels/LV_Main.LV_Main:PersistentLevel.StaticMeshActor_48
 |- Actor Package: /Game/__ExternalActors__/CombatFrameworkContent/Levels/GameLevels/LV_Main/0/V9/RP8JQ7EYY4YCZGX1EM31I7
 |- Actor Path: /Game/CombatFrameworkContent/Levels/GameLevels/LV_Main.LV_Main:PersistentLevel.StaticMeshActor_49
 |- Actor Package: /Game/__ExternalActors__/CombatFrameworkContent/Levels/GameLevels/LV_Main/1/KS/22WV4K0052005WOVNPG3SX
 |- Actor Path: /Game/CombatFrameworkContent/Levels/GameLevels/LV_Main.LV_Main:PersistentLevel.StaticMeshActor_50
 |- Actor Package: /Game/__ExternalActors__/CombatFrameworkContent/Levels/GameLevels/LV_Main/E/60/T7YPCO6Y6Z6HP43BVT204G
 |- Actor Path: /Game/CombatFrameworkContent/Levels/GameLevels/LV_Main.LV_Main:PersistentLevel.StaticMeshActor_51
 |- Actor Package: /Game/__ExternalActors__/CombatFrameworkContent/Levels/GameLevels/LV_Main/B/8S/8BND1LYE945ATUARFUZXS0
 |- Actor Path: /Game/CombatFrameworkContent/Levels/GameLevels/LV_Main.LV_Main:PersistentLevel.StaticMeshActor_52
 |- Actor Package: /Game/__ExternalActors__/CombatFrameworkContent/Levels/GameLevels/LV_Main/6/HZ/I1L57U0VK1DKIWUEE2G5XW
 |- Actor Path: /Game/CombatFrameworkContent/Levels/GameLevels/LV_Main.LV_Main:PersistentLevel.StaticMeshActor_53
 |- Actor Package: /Game/__ExternalActors__/CombatFrameworkContent/Levels/GameLevels/LV_Main/C/Q3/HZT40G242MVCSG0VPG5YFZ
 |- Actor Path: /Game/CombatFrameworkContent/Levels/GameLevels/LV_Main.LV_Main:PersistentLevel.StaticMeshActor_54
 |- Actor Package: /Game/__ExternalActors__/CombatFrameworkContent/Levels/GameLevels/LV_Main/E/FT/EH16FBDQNFE1BZI7OJISW7
 |- Actor Path: /Game/CombatFrameworkContent/Levels/GameLevels/LV_Main.LV_Main:PersistentLevel.StaticMeshActor_55
 |- Actor Package: /Game/__ExternalActors__/CombatFrameworkContent/Levels/GameLevels/LV_Main/8/C1/9560LL2Y7LF075VTQ6HCNY
 |- Actor Path: /Game/CombatFrameworkContent/Levels/GameLevels/LV_Main.LV_Main:PersistentLevel.StaticMeshActor_56
 |- Actor Package: /Game/__ExternalActors__/CombatFrameworkContent/Levels/GameLevels/LV_Main/8/F9/K7RJR9J64ITL4YMJ1AF9E5
 |- Actor Path: /Game/CombatFrameworkContent/Levels/GameLevels/LV_Main.LV_Main:PersistentLevel.StaticMeshActor_57
 |- Actor Package: /Game/__ExternalActors__/CombatFrameworkContent/Levels/GameLevels/LV_Main/E/O2/U9RKI1WKGJ32T9EQQ3G858
 |- Actor Path: /Game/CombatFrameworkContent/Levels/GameLevels/LV_Main.LV_Main:PersistentLevel.StaticMeshActor_58
 |- Actor Package: /Game/__ExternalActors__/CombatFrameworkContent/Levels/GameLevels/LV_Main/4/CU/YBDT1DDX9DE8VK0OAXNE4P
 |- Actor Path: /Game/CombatFrameworkContent/Levels/GameLevels/LV_Main.LV_Main:PersistentLevel.StaticMeshActor_59
 |- Actor Package: /Game/__ExternalActors__/CombatFrameworkContent/Levels/GameLevels/LV_Main/6/HI/5NCNMZ7B3LJMLI5OMSBU17
 |- Actor Path: /Game/CombatFrameworkContent/Levels/GameLevels/LV_Main.LV_Main:PersistentLevel.StaticMeshActor_60
 |- Actor Package: /Game/__ExternalActors__/CombatFrameworkContent/Levels/GameLevels/LV_Main/D/C8/C9VW2PLO8DCJS2LVTOO1AB
 |- Actor Path: /Game/CombatFrameworkContent/Levels/GameLevels/LV_Main.LV_Main:PersistentLevel.StaticMeshActor_61
 |- Actor Package: /Game/__ExternalActors__/CombatFrameworkContent/Levels/GameLevels/LV_Main/3/AG/JLPKURJ109HY677B3584VN
 |- Actor Path: /Game/CombatFrameworkContent/Levels/GameLevels/LV_Main.LV_Main:PersistentLevel.StaticMeshActor_UAID_A4AE111137DC5EFB00_1594956423
 |- Actor Package: /Game/__ExternalActors__/CombatFrameworkContent/Levels/GameLevels/LV_Main/6/ZB/JC1V2Y2N1U7TQTSU3PK29E
 |- Actor Path: /Game/CombatFrameworkContent/Levels/GameLevels/LV_Main.LV_Main:PersistentLevel.TextRenderActor_1
 |- Actor Package: /Game/__ExternalActors__/CombatFrameworkContent/Levels/GameLevels/LV_Main/6/IV/O9LYTLKR45X5M2JEJQ3UBQ
 |- Actor Path: /Game/CombatFrameworkContent/Levels/GameLevels/LV_Main.LV_Main:PersistentLevel.ThirdPersonMap1_C_1
 |- Actor Package: /Game/CombatFrameworkContent/Levels/GameLevels/LV_Main
 |- Actor Path: /Game/CombatFrameworkContent/Levels/GameLevels/LV_Main.LV_Main:PersistentLevel.VolumetricCloud_1
 |- Actor Package: /Game/__ExternalActors__/CombatFrameworkContent/Levels/GameLevels/LV_Main/4/0D/NY7NP5YRSGPM6FABE6830I
 |- Actor Path: /Game/CombatFrameworkContent/Levels/GameLevels/LV_Main.LV_Main:PersistentLevel.WorldDataLayers
 |- Actor Package: /Game/__ExternalActors__/CombatFrameworkContent/Levels/GameLevels/LV_Main/B/OY/9AOH83GEUIYPPAGWS7GDUQ
 |- Actor Path: /Game/CombatFrameworkContent/Levels/GameLevels/LV_Main.LV_Main:PersistentLevel.WorldInfo_0
 |- Actor Package: /Game/CombatFrameworkContent/Levels/GameLevels/LV_Main
 |- Actor Path: /Game/CombatFrameworkContent/Levels/GameLevels/LV_Main.LV_Main:PersistentLevel.WorldPartitionMiniMap_0
 |- Actor Package: /Game/__ExternalActors__/CombatFrameworkContent/Levels/GameLevels/LV_Main/1/UF/XFL29B5NQLG5DJ12WJ8HHH

----------------------------------------------------------------------------------------------------------------
LV_Main - Runtime Spatial Hash - Streaming Grid - MainGrid
----------------------------------------------------------------------------------------------------------------
            Origin: X=0.000 Y=0.000 Z=0.000
         Cell Size: 12800
      World Bounds: IsValid=false, Min=(X=0.000 Y=0.000 Z=0.000), Max=(X=0.000 Y=0.000 Z=0.000)
     Loading Range: 25600.00
Block Slow Loading: No
 ClientOnlyVisible: No
            Origin: X=0.000 Y=0.000 Z=0.000

[+] Grid Levels: 1
 |- Level  0: Cell Count    0 | Cell Size   12800 | Actor Count    0 (0.0%)

[+] Content of Grid Level 0

